#
# A fatal error has been detected by the Java Runtime Environment:
#
#  SIGSEGV (0xb) at pc=0x0000000121d593fd, pid=53334, tid=1299
#
# JRE version: Java(TM) SE Runtime Environment (8.0_20-b26) (build 1.8.0_20-b26)
# Java VM: Java HotSpot(TM) 64-Bit Server VM (25.20-b23 mixed mode bsd-amd64 compressed oops)
# Problematic frame:
# C  [libglass.dylib+0x163fd]  GlassScreenDidChangeScreenParameters+0x9d
#
# Failed to write core dump. Core dumps have been disabled. To enable core dumping, try "ulimit -c unlimited" before starting Java again
#
# If you would like to submit a bug report, please visit:
#   http://bugreport.sun.com/bugreport/crash.jsp
#

---------------  T H R E A D  ---------------

Current thread is native thread

siginfo: si_signo: 11 (SIGSEGV), si_code: 1 (SEGV_MAPERR), si_addr: 0x0000000000000000

Registers:
RAX=0x0000000121d8be40, RBX=0x0000000000000000, RCX=0x1500dd7405d630c4, RDX=0x00007fca33d6c298
RSP=0x00007fff55f1d330, RBP=0x00007fff55f1d340, RSI=0x00007fca33d08a58, RDI=0x0000000000000000
R8 =0x00007fff55f1d1e0, R9 =0x00007fff70bd9300, R10=0x0000000000000000, R11=0x0000000000000246
R12=0x00007fca33d0eab0, R13=0x00000000000f426a, R14=0x00007fca33c71f70, R15=0x00007fff55f1d480
RIP=0x0000000121d593fd, EFLAGS=0x0000000000010202, ERR=0x0000000000000004
  TRAPNO=0x000000000000000e

Top of Stack: (sp=0x00007fff55f1d330)
0x00007fff55f1d330:   00007fff55f1d510 00007fca33c71f70
0x00007fff55f1d340:   00007fff55f1d350 00007fff89e6445c
0x00007fff55f1d350:   00007fff55f1d6b0 00007fff89d54634
0x00007fff55f1d360:   00007fff55f1d3b0 0000000000001400
0x00007fff55f1d370:   00007fff71b3bed0 00007fca33c68bc0
0x00007fff55f1d380:   0000000000001002 0000000000000270
0x00007fff55f1d390:   00007fca33c68bc0 00007fca33c71f70
0x00007fff55f1d3a0:   0000000000000000 00007fff55f1d480
0x00007fff55f1d3b0:   0000000000000000 00007fca33c71f30
0x00007fff55f1d3c0:   00007fff55f1d500 000000000000001a
0x00007fff55f1d3d0:   00000000000f429c 00007fca36469300
0x00007fff55f1d3e0:   00007fca33d5ec30 00007fca33d0eab0
0x00007fff55f1d3f0:   0000000000000001 00000000000f426a
0x00007fff55f1d400:   00007fca33d0eaa0 00007fff81f34b90
0x00007fff55f1d410:   0000000000000001 0000000000000001
0x00007fff55f1d420:   0000000000000030 0000000000000001
0x00007fff55f1d430:   00007fff55f1d450 00007fff81f35546
0x00007fff55f1d440:   00007fff71b39fb0 0000000000000000
0x00007fff55f1d450:   00007fff55f1d470 0000000000000003
0x00007fff55f1d460:   00005603358a2a00 00007fca33d0ead4
0x00007fff55f1d470:   0000000000000000 00007fff89d4a10f
0x00007fff55f1d480:   00007fca33c71f70 00007fff71b39fb0
0x00007fff55f1d490:   00007fff55f1d510 00007fff89d52c3f
0x00007fff55f1d4a0:   00007fff55f1d514 00000000001a8b01
0x00007fff55f1d4b0:   0000000109cfda00 0000000000000002
0x00007fff55f1d4c0:   0000000109cfa000 00007fca36472172
0x00007fff55f1d4d0:   0000000000000003 0000000109cfee00
0x00007fff55f1d4e0:   00007fff55f1d5d0 00007fff81f31b36
0x00007fff55f1d4f0:   00007fca33d5cfd0 00007fff55f1d6b8
0x00007fff55f1d500:   0000000000000017 0000000000000000
0x00007fff55f1d510:   00000000000f426a 00007fff89d4a403
0x00007fff55f1d520:   00007fff00000000 00007fca33c7fd40 

Instructions: (pc=0x0000000121d593fd)
0x0000000121d593dd:   89 df 4c 89 f1 41 ff 90 68 04 00 00 48 8d 05 58
0x0000000121d593ed:   29 03 00 48 8b 30 48 8d 05 46 2a 03 00 48 8b 10
0x0000000121d593fd:   48 8b 0b 30 c0 48 89 df ff 91 68 04 00 00 48 8b
0x0000000121d5940d:   03 48 89 df ff 50 78 48 85 c0 74 36 49 89 c6 48 

Register to memory mapping:

RAX=0x0000000121d8be40: jScreenNotifySettingsChanged+0 in /Library/Java/JavaVirtualMachines/jdk1.8.0_20.jdk/Contents/Home/jre/lib/libglass.dylib at 0x0000000121d43000
RBX=0x0000000000000000 is an unknown value
RCX=0x1500dd7405d630c4 is an unknown value
RDX=0x00007fca33d6c298 is an unknown value
RSP=0x00007fff55f1d330 is an unknown value
RBP=0x00007fff55f1d340 is an unknown value
RSI=0x00007fca33d08a58 is a global jni handle
RDI=0x0000000000000000 is an unknown value
R8 =0x00007fff55f1d1e0 is an unknown value
R9 =0x00007fff70bd9300: _thread+0 in /usr/lib/system/libsystem_pthread.dylib at 0x00007fff83796000
R10=0x0000000000000000 is an unknown value
R11=0x0000000000000246 is an unknown value
R12=0x00007fca33d0eab0 is an unknown value
R13=0x00000000000f426a is an unknown value
R14=0x00007fca33c71f70 is an unknown value
R15=0x00007fff55f1d480 is an unknown value


Stack: [0x00007fff55720000,0x00007fff55f20000],  sp=0x00007fff55f1d330,  free space=8180k
Native frames: (J=compiled Java code, j=interpreted, Vv=VM code, C=native code)
C  [libglass.dylib+0x163fd]  GlassScreenDidChangeScreenParameters+0x9d
C  [CoreFoundation+0x12045c]  __CFNOTIFICATIONCENTER_IS_CALLING_OUT_TO_AN_OBSERVER__+0xc
C  [CoreFoundation+0x10634]  _CFXNotificationPost+0xc44
C  [Foundation+0x7aa1]  -[NSNotificationCenter postNotificationName:object:userInfo:]+0x42
C  [AppKit+0x40de7e]  -[NSApplication _reactToScreenInvalidationImmediately:]+0x17b
C  [AppKit+0x40dcc7]  __44-[NSApplication _reactToScreenInvalidation:]_block_invoke+0x4b
C  [CoreFoundation+0x808ec]  __CFRUNLOOP_IS_CALLING_OUT_TO_A_BLOCK__+0xc
C  [CoreFoundation+0x729f5]  __CFRunLoopDoBlocks+0x155
C  [CoreFoundation+0x72536]  __CFRunLoopRun+0x716
C  [CoreFoundation+0x71bd8]  CFRunLoopRunSpecific+0x128
C  [java+0x56cc]  CreateExecutionEnvironment+0x367
C  [java+0x165c]  JLI_Launch+0x7a0
C  [java+0x768a]  main+0x65
C  [java+0xeb4]  start+0x34


---------------  P R O C E S S  ---------------

VM state:not at safepoint (normal execution)

VM Mutex/Monitor currently owned by a thread: None

Heap:
 PSYoungGen      total 35328K, used 2523K [0x00000007aab00000, 0x00000007ad000000, 0x00000007c0000000)
  eden space 32768K, 7% used [0x00000007aab00000,0x00000007aad76f50,0x00000007acb00000)
  from space 2560K, 0% used [0x00000007acd80000,0x00000007acd80000,0x00000007ad000000)
  to   space 2560K, 0% used [0x00000007acb00000,0x00000007acb00000,0x00000007acd80000)
 ParOldGen       total 69632K, used 32071K [0x0000000780000000, 0x0000000784400000, 0x00000007aab00000)
  object space 69632K, 46% used [0x0000000780000000,0x0000000781f51ed0,0x0000000784400000)
 Metaspace       used 11557K, capacity 11980K, committed 12032K, reserved 1058816K
  class space    used 1673K, capacity 1786K, committed 1792K, reserved 1048576K

Card table byte_map: [0x000000011aa29000,0x000000011ac2a000] byte_map_base: 0x0000000116e29000

Marking Bits: (ParMarkBitMap*) 0x000000010ae9c330
 Begin Bits: [0x000000011b18c000, 0x000000011c18c000)
 End Bits:   [0x000000011c18c000, 0x000000011d18c000)

Polling page: 0x0000000109df5000

CodeCache: size=245760Kb used=3451Kb max_used=3457Kb free=242309Kb
 bounds [0x000000010b669000, 0x000000010b9d9000, 0x000000011a669000]
 total_blobs=1390 nmethods=909 adapters=396
 compilation: enabled

Compilation events (10 events):
Event: 23.343 Thread 0x00007fca34035800  902       3       java.lang.invoke.MethodHandles$Lookup::checkSecurityManager (87 bytes)
Event: 23.345 Thread 0x00007fca34035800 nmethod 902 0x000000010b9bfd10 code [0x000000010b9c0000, 0x000000010b9c1378]
Event: 23.391 Thread 0x00007fca34035800  904       3       java.util.AbstractList::iterator (10 bytes)
Event: 23.391 Thread 0x00007fca34035800 nmethod 904 0x000000010b9c1fd0 code [0x000000010b9c2140, 0x000000010b9c2430]
Event: 23.392 Thread 0x00007fca35053800  905       4       jdk.internal.org.objectweb.asm.Item::<init> (66 bytes)
Event: 23.394 Thread 0x00007fca35053800 nmethod 905 0x000000010b9c5250 code [0x000000010b9c53a0, 0x000000010b9c5458]
Event: 23.394 Thread 0x00007fca34035800  906       3       java.nio.Buffer::limit (62 bytes)
Event: 23.394 Thread 0x00007fca34035800 nmethod 906 0x000000010b9c4d50 code [0x000000010b9c4ec0, 0x000000010b9c51a8]
Event: 23.394 Thread 0x00007fca34035800  907       3       java.nio.ByteBuffer::arrayOffset (35 bytes)
Event: 23.395 Thread 0x00007fca34035800 nmethod 907 0x000000010b9c4790 code [0x000000010b9c4920, 0x000000010b9c4c18]

GC Heap History (10 events):
Event: 4.819 GC heap before
{Heap before GC invocations=1 (full 0):
 PSYoungGen      total 18944K, used 16384K [0x00000007aab00000, 0x00000007ac000000, 0x00000007c0000000)
  eden space 16384K, 100% used [0x00000007aab00000,0x00000007abb00000,0x00000007abb00000)
  from space 2560K, 0% used [0x00000007abd80000,0x00000007abd80000,0x00000007ac000000)
  to   space 2560K, 0% used [0x00000007abb00000,0x00000007abb00000,0x00000007abd80000)
 ParOldGen       total 44032K, used 0K [0x0000000780000000, 0x0000000782b00000, 0x00000007aab00000)
  object space 44032K, 0% used [0x0000000780000000,0x0000000780000000,0x0000000782b00000)
 Metaspace       used 8894K, capacity 9444K, committed 9600K, reserved 1056768K
  class space    used 1216K, capacity 1305K, committed 1408K, reserved 1048576K
Event: 4.825 GC heap after
Heap after GC invocations=1 (full 0):
 PSYoungGen      total 18944K, used 2512K [0x00000007aab00000, 0x00000007ac000000, 0x00000007c0000000)
  eden space 16384K, 0% used [0x00000007aab00000,0x00000007aab00000,0x00000007abb00000)
  from space 2560K, 98% used [0x00000007abb00000,0x00000007abd74030,0x00000007abd80000)
  to   space 2560K, 0% used [0x00000007abd80000,0x00000007abd80000,0x00000007ac000000)
 ParOldGen       total 44032K, used 16K [0x0000000780000000, 0x0000000782b00000, 0x00000007aab00000)
  object space 44032K, 0% used [0x0000000780000000,0x0000000780004000,0x0000000782b00000)
 Metaspace       used 8894K, capacity 9444K, committed 9600K, reserved 1056768K
  class space    used 1216K, capacity 1305K, committed 1408K, reserved 1048576K
}
Event: 17.010 GC heap before
{Heap before GC invocations=2 (full 0):
 PSYoungGen      total 18944K, used 18351K [0x00000007aab00000, 0x00000007ac000000, 0x00000007c0000000)
  eden space 16384K, 96% used [0x00000007aab00000,0x00000007aba77e60,0x00000007abb00000)
  from space 2560K, 98% used [0x00000007abb00000,0x00000007abd74030,0x00000007abd80000)
  to   space 2560K, 0% used [0x00000007abd80000,0x00000007abd80000,0x00000007ac000000)
 ParOldGen       total 44032K, used 16K [0x0000000780000000, 0x0000000782b00000, 0x00000007aab00000)
  object space 44032K, 0% used [0x0000000780000000,0x0000000780004000,0x0000000782b00000)
 Metaspace       used 10673K, capacity 10994K, committed 11136K, reserved 1058816K
  class space    used 1537K, capacity 1627K, committed 1664K, reserved 1048576K
Event: 17.021 GC heap after
Heap after GC invocations=2 (full 0):
 PSYoungGen      total 18944K, used 2545K [0x00000007aab00000, 0x00000007ac000000, 0x00000007c0000000)
  eden space 16384K, 0% used [0x00000007aab00000,0x00000007aab00000,0x00000007abb00000)
  from space 2560K, 99% used [0x00000007abd80000,0x00000007abffc7d8,0x00000007ac000000)
  to   space 2560K, 0% used [0x00000007abb00000,0x00000007abb00000,0x00000007abd80000)
 ParOldGen       total 44032K, used 9824K [0x0000000780000000, 0x0000000782b00000, 0x00000007aab00000)
  object space 44032K, 22% used [0x0000000780000000,0x00000007809981d8,0x0000000782b00000)
 Metaspace       used 10673K, capacity 10994K, committed 11136K, reserved 1058816K
  class space    used 1537K, capacity 1627K, committed 1664K, reserved 1048576K
}
Event: 17.215 GC heap before
{Heap before GC invocations=3 (full 0):
 PSYoungGen      total 18944K, used 16157K [0x00000007aab00000, 0x00000007ac000000, 0x00000007c0000000)
  eden space 16384K, 83% used [0x00000007aab00000,0x00000007ab84aec0,0x00000007abb00000)
  from space 2560K, 99% used [0x00000007abd80000,0x00000007abffc7d8,0x00000007ac000000)
  to   space 2560K, 0% used [0x00000007abb00000,0x00000007abb00000,0x00000007abd80000)
 ParOldGen       total 44032K, used 9824K [0x0000000780000000, 0x0000000782b00000, 0x00000007aab00000)
  object space 44032K, 22% used [0x0000000780000000,0x00000007809981d8,0x0000000782b00000)
 Metaspace       used 10674K, capacity 10994K, committed 11136K, reserved 1058816K
  class space    used 1537K, capacity 1627K, committed 1664K, reserved 1048576K
Event: 17.222 GC heap after
Heap after GC invocations=3 (full 0):
 PSYoungGen      total 18944K, used 2530K [0x00000007aab00000, 0x00000007ad000000, 0x00000007c0000000)
  eden space 16384K, 0% used [0x00000007aab00000,0x00000007aab00000,0x00000007abb00000)
  from space 2560K, 98% used [0x00000007abb00000,0x00000007abd78848,0x00000007abd80000)
  to   space 2560K, 0% used [0x00000007acd80000,0x00000007acd80000,0x00000007ad000000)
 ParOldGen       total 44032K, used 20647K [0x0000000780000000, 0x0000000782b00000, 0x00000007aab00000)
  object space 44032K, 46% used [0x0000000780000000,0x0000000781429d48,0x0000000782b00000)
 Metaspace       used 10674K, capacity 10994K, committed 11136K, reserved 1058816K
  class space    used 1537K, capacity 1627K, committed 1664K, reserved 1048576K
}
Event: 18.333 GC heap before
{Heap before GC invocations=4 (full 0):
 PSYoungGen      total 18944K, used 18914K [0x00000007aab00000, 0x00000007ad000000, 0x00000007c0000000)
  eden space 16384K, 100% used [0x00000007aab00000,0x00000007abb00000,0x00000007abb00000)
  from space 2560K, 98% used [0x00000007abb00000,0x00000007abd78848,0x00000007abd80000)
  to   space 2560K, 0% used [0x00000007acd80000,0x00000007acd80000,0x00000007ad000000)
 ParOldGen       total 44032K, used 20647K [0x0000000780000000, 0x0000000782b00000, 0x00000007aab00000)
  object space 44032K, 46% used [0x0000000780000000,0x0000000781429d48,0x0000000782b00000)
 Metaspace       used 10803K, capacity 11220K, committed 11392K, reserved 1058816K
  class space    used 1561K, capacity 1660K, committed 1664K, reserved 1048576K
Event: 18.342 GC heap after
Heap after GC invocations=4 (full 0):
 PSYoungGen      total 35328K, used 1794K [0x00000007aab00000, 0x00000007ad000000, 0x00000007c0000000)
  eden space 32768K, 0% used [0x00000007aab00000,0x00000007aab00000,0x00000007acb00000)
  from space 2560K, 70% used [0x00000007acd80000,0x00000007acf40a78,0x00000007ad000000)
  to   space 2560K, 0% used [0x00000007acb00000,0x00000007acb00000,0x00000007acd80000)
 ParOldGen       total 44032K, used 33984K [0x0000000780000000, 0x0000000782b00000, 0x00000007aab00000)
  object space 44032K, 77% used [0x0000000780000000,0x0000000782130388,0x0000000782b00000)
 Metaspace       used 10803K, capacity 11220K, committed 11392K, reserved 1058816K
  class space    used 1561K, capacity 1660K, committed 1664K, reserved 1048576K
}
Event: 18.342 GC heap before
{Heap before GC invocations=5 (full 1):
 PSYoungGen      total 35328K, used 1794K [0x00000007aab00000, 0x00000007ad000000, 0x00000007c0000000)
  eden space 32768K, 0% used [0x00000007aab00000,0x00000007aab00000,0x00000007acb00000)
  from space 2560K, 70% used [0x00000007acd80000,0x00000007acf40a78,0x00000007ad000000)
  to   space 2560K, 0% used [0x00000007acb00000,0x00000007acb00000,0x00000007acd80000)
 ParOldGen       total 44032K, used 33984K [0x0000000780000000, 0x0000000782b00000, 0x00000007aab00000)
  object space 44032K, 77% used [0x0000000780000000,0x0000000782130388,0x0000000782b00000)
 Metaspace       used 10803K, capacity 11220K, committed 11392K, reserved 1058816K
  class space    used 1561K, capacity 1660K, committed 1664K, reserved 1048576K
Event: 18.363 GC heap after
Heap after GC invocations=5 (full 1):
 PSYoungGen      total 35328K, used 0K [0x00000007aab00000, 0x00000007ad000000, 0x00000007c0000000)
  eden space 32768K, 0% used [0x00000007aab00000,0x00000007aab00000,0x00000007acb00000)
  from space 2560K, 0% used [0x00000007acd80000,0x00000007acd80000,0x00000007ad000000)
  to   space 2560K, 0% used [0x00000007acb00000,0x00000007acb00000,0x00000007acd80000)
 ParOldGen       total 69632K, used 32071K [0x0000000780000000, 0x0000000784400000, 0x00000007aab00000)
  object space 69632K, 46% used [0x0000000780000000,0x0000000781f51ed0,0x0000000784400000)
 Metaspace       used 10802K, capacity 11218K, committed 11392K, reserved 1058816K
  class space    used 1560K, capacity 1659K, committed 1664K, reserved 1048576K
}

Deoptimization events (7 events):
Event: 4.668 Thread 0x00007fca3516b000 Uncommon trap: reason=unreached action=reinterpret pc=0x000000010b8b82a4 method=java.util.HashMap.getNode(ILjava/lang/Object;)Ljava/util/HashMap$Node; @ 84
Event: 4.815 Thread 0x00007fca3516b000 Uncommon trap: reason=unreached action=reinterpret pc=0x000000010b8cd190 method=java.util.HashMap.hash(Ljava/lang/Object;)I @ 1
Event: 5.426 Thread 0x00007fca3516b000 Uncommon trap: reason=unloaded action=reinterpret pc=0x000000010b88e198 method=java.lang.CharacterData.of(I)Ljava/lang/CharacterData; @ 96
Event: 17.105 Thread 0x00007fca3516b000 Uncommon trap: reason=unloaded action=reinterpret pc=0x000000010b9854fc method=com.sun.javafx.iio.gif.GIFImageLoader2.decodePalette([B[[BIIIIIILcom/sun/javafx/iio/ImageMetadata;)Lcom/sun/javafx/iio/ImageFrame; @ 277
Event: 17.198 Thread 0x00007fca3516b000 Uncommon trap: reason=unloaded action=reinterpret pc=0x000000010b990898 method=com.sun.javafx.iio.gif.GIFImageLoader2.decodePalette([B[[BIIIIIILcom/sun/javafx/iio/ImageMetadata;)Lcom/sun/javafx/iio/ImageFrame; @ 277
Event: 18.516 Thread 0x00007fca3516b000 Uncommon trap: reason=class_check action=maybe_recompile pc=0x000000010b980e98 method=java.io.SequenceInputStream.read([BII)I @ 58
Event: 18.516 Thread 0x00007fca3516b000 Uncommon trap: reason=class_check action=maybe_recompile pc=0x000000010b980e98 method=java.io.SequenceInputStream.read([BII)I @ 58

Internal exceptions (10 events):
Event: 4.017 Thread 0x00007fca3516b000 Exception <a 'java/lang/NullPointerException'> (0x00000007ab530968) thrown at [/HUDSON3/workspace/8-2-build-macosx-x86_64/jdk8u20/1074/hotspot/src/share/vm/interpreter/linkResolver.cpp, line 1166]
Event: 4.017 Thread 0x00007fca3516b000 Exception <a 'java/lang/NullPointerException'> (0x00000007ab530968) thrown at [/HUDSON3/workspace/8-2-build-macosx-x86_64/jdk8u20/1074/hotspot/src/share/vm/prims/jvm.cpp, line 1279]
Event: 4.815 Thread 0x00007fca3516b000 Implicit null exception at 0x000000010b8ccfb5 to 0x000000010b8cd181
Event: 8.143 Thread 0x00007fca3516b000 Exception <a 'java/security/PrivilegedActionException'> (0x00000007aaea39c0) thrown at [/HUDSON3/workspace/8-2-build-macosx-x86_64/jdk8u20/1074/hotspot/src/share/vm/prims/jvm.cpp, line 1275]
Event: 19.099 Thread 0x00007fca3516b000 Exception <a 'java/io/FileNotFoundException'> (0x00000007aab7bf20) thrown at [/HUDSON3/workspace/8-2-build-macosx-x86_64/jdk8u20/1074/hotspot/src/share/vm/prims/jni.cpp, line 716]
Event: 20.100 Thread 0x00007fca3516b000 Exception <a 'java/io/FileNotFoundException'> (0x00000007aab7d718) thrown at [/HUDSON3/workspace/8-2-build-macosx-x86_64/jdk8u20/1074/hotspot/src/share/vm/prims/jni.cpp, line 716]
Event: 21.101 Thread 0x00007fca3516b000 Exception <a 'java/io/FileNotFoundException'> (0x00000007aab7eee0) thrown at [/HUDSON3/workspace/8-2-build-macosx-x86_64/jdk8u20/1074/hotspot/src/share/vm/prims/jni.cpp, line 716]
Event: 22.103 Thread 0x00007fca3516b000 Exception <a 'java/io/FileNotFoundException'> (0x00000007aab806a8) thrown at [/HUDSON3/workspace/8-2-build-macosx-x86_64/jdk8u20/1074/hotspot/src/share/vm/prims/jni.cpp, line 716]
Event: 23.104 Thread 0x00007fca3516b000 Exception <a 'java/io/FileNotFoundException'> (0x00000007aab81e70) thrown at [/HUDSON3/workspace/8-2-build-macosx-x86_64/jdk8u20/1074/hotspot/src/share/vm/prims/jni.cpp, line 716]
Event: 23.393 Thread 0x00007fca34013000 Exception <a 'java/lang/reflect/InvocationTargetException'> (0x00000007aad10fa0) thrown at [/HUDSON3/workspace/8-2-build-macosx-x86_64/jdk8u20/1074/hotspot/src/share/vm/runtime/reflection.cpp, line 1079]

Events (10 events):
Event: 23.392 Thread 0x00007fca3592d800 Thread exited: 0x00007fca3592d800
Event: 23.393 loading class java/lang/Throwable$WrappedPrintStream
Event: 23.393 loading class java/lang/Throwable$PrintStreamOrWriter
Event: 23.393 loading class java/lang/Throwable$PrintStreamOrWriter done
Event: 23.393 loading class java/lang/Throwable$WrappedPrintStream done
Event: 23.393 loading class java/util/IdentityHashMap$KeySet
Event: 23.393 loading class java/util/IdentityHashMap$KeySet done
Event: 23.394 Executing VM operation: RevokeBias
Event: 23.394 Executing VM operation: RevokeBias done
Event: 23.400 Thread 0x00007fca3516b000 Thread exited: 0x00007fca3516b000


Dynamic libraries:
0x0000000000318000 	/System/Library/Frameworks/Cocoa.framework/Versions/A/Cocoa
0x0000000000318000 	/System/Library/Frameworks/Security.framework/Versions/A/Security
0x0000000000318000 	/System/Library/Frameworks/ApplicationServices.framework/Versions/A/ApplicationServices
0x0000000000318000 	/usr/lib/libz.1.dylib
0x0000000000318000 	/usr/lib/libSystem.B.dylib
0x0000000000318000 	/usr/lib/libobjc.A.dylib
0x0000000000318000 	/System/Library/Frameworks/CoreFoundation.framework/Versions/A/CoreFoundation
0x0000000000318000 	/System/Library/Frameworks/Foundation.framework/Versions/C/Foundation
0x0000000000318000 	/System/Library/Frameworks/AppKit.framework/Versions/C/AppKit
0x0000000000318000 	/System/Library/Frameworks/CoreData.framework/Versions/A/CoreData
0x0000000000318000 	/System/Library/PrivateFrameworks/RemoteViewServices.framework/Versions/A/RemoteViewServices
0x0000000000318000 	/System/Library/PrivateFrameworks/UIFoundation.framework/Versions/A/UIFoundation
0x0000000000318000 	/System/Library/Frameworks/IOSurface.framework/Versions/A/IOSurface
0x0000000000318000 	/System/Library/Frameworks/AudioToolbox.framework/Versions/A/AudioToolbox
0x0000000000318000 	/System/Library/Frameworks/AudioUnit.framework/Versions/A/AudioUnit
0x0000000000318000 	/System/Library/PrivateFrameworks/DataDetectorsCore.framework/Versions/A/DataDetectorsCore
0x0000000000318000 	/System/Library/PrivateFrameworks/DesktopServicesPriv.framework/Versions/A/DesktopServicesPriv
0x0000000000318000 	/System/Library/Frameworks/Carbon.framework/Versions/A/Frameworks/HIToolbox.framework/Versions/A/HIToolbox
0x0000000000318000 	/System/Library/Frameworks/QuartzCore.framework/Versions/A/QuartzCore
0x0000000000318000 	/System/Library/Frameworks/Carbon.framework/Versions/A/Frameworks/SpeechRecognition.framework/Versions/A/SpeechRecognition
0x0000000000318000 	/usr/lib/libauto.dylib
0x0000000000318000 	/usr/lib/libicucore.A.dylib
0x0000000000318000 	/usr/lib/libxml2.2.dylib
0x0000000000318000 	/System/Library/PrivateFrameworks/CoreUI.framework/Versions/A/CoreUI
0x0000000000318000 	/System/Library/Frameworks/CoreAudio.framework/Versions/A/CoreAudio
0x0000000000318000 	/System/Library/Frameworks/DiskArbitration.framework/Versions/A/DiskArbitration
0x0000000000318000 	/usr/lib/liblangid.dylib
0x0000000000318000 	/System/Library/PrivateFrameworks/MultitouchSupport.framework/Versions/A/MultitouchSupport
0x0000000000318000 	/System/Library/Frameworks/IOKit.framework/Versions/A/IOKit
0x0000000000318000 	/usr/lib/libDiagnosticMessagesClient.dylib
0x0000000000318000 	/System/Library/Frameworks/CoreServices.framework/Versions/A/CoreServices
0x0000000000318000 	/System/Library/PrivateFrameworks/PerformanceAnalysis.framework/Versions/A/PerformanceAnalysis
0x0000000000318000 	/System/Library/PrivateFrameworks/GenerationalStorage.framework/Versions/A/GenerationalStorage
0x0000000000318000 	/System/Library/Frameworks/OpenGL.framework/Versions/A/OpenGL
0x0000000000318000 	/System/Library/PrivateFrameworks/Sharing.framework/Versions/A/Sharing
0x0000000000318000 	/System/Library/Frameworks/CoreGraphics.framework/Versions/A/CoreGraphics
0x0000000000318000 	/System/Library/Frameworks/CoreText.framework/Versions/A/CoreText
0x0000000000318000 	/System/Library/Frameworks/ImageIO.framework/Versions/A/ImageIO
0x0000000000318000 	/usr/lib/libextension.dylib
0x0000000000318000 	/System/Library/PrivateFrameworks/Backup.framework/Versions/A/Backup
0x0000000000318000 	/usr/lib/libarchive.2.dylib
0x0000000000318000 	/System/Library/Frameworks/CFNetwork.framework/Versions/A/CFNetwork
0x0000000000318000 	/System/Library/Frameworks/SystemConfiguration.framework/Versions/A/SystemConfiguration
0x0000000000318000 	/usr/lib/libCRFSuite.dylib
0x0000000000318000 	/usr/lib/libc++.1.dylib
0x0000000000318000 	/usr/lib/libc++abi.dylib
0x0000000000318000 	/usr/lib/system/libcache.dylib
0x0000000000318000 	/usr/lib/system/libcommonCrypto.dylib
0x0000000000318000 	/usr/lib/system/libcompiler_rt.dylib
0x0000000000318000 	/usr/lib/system/libcopyfile.dylib
0x0000000000318000 	/usr/lib/system/libcorecrypto.dylib
0x0000000000318000 	/usr/lib/system/libdispatch.dylib
0x0000000000318000 	/usr/lib/system/libdyld.dylib
0x0000000000318000 	/usr/lib/system/libkeymgr.dylib
0x0000000000318000 	/usr/lib/system/liblaunch.dylib
0x0000000000318000 	/usr/lib/system/libmacho.dylib
0x0000000000318000 	/usr/lib/system/libquarantine.dylib
0x0000000000318000 	/usr/lib/system/libremovefile.dylib
0x0000000000318000 	/usr/lib/system/libsystem_asl.dylib
0x0000000000318000 	/usr/lib/system/libsystem_blocks.dylib
0x0000000000318000 	/usr/lib/system/libsystem_c.dylib
0x0000000000318000 	/usr/lib/system/libsystem_configuration.dylib
0x0000000000318000 	/usr/lib/system/libsystem_coreservices.dylib
0x0000000000318000 	/usr/lib/system/libsystem_coretls.dylib
0x0000000000318000 	/usr/lib/system/libsystem_dnssd.dylib
0x0000000000318000 	/usr/lib/system/libsystem_info.dylib
0x0000000000318000 	/usr/lib/system/libsystem_kernel.dylib
0x0000000000318000 	/usr/lib/system/libsystem_m.dylib
0x0000000000318000 	/usr/lib/system/libsystem_malloc.dylib
0x0000000000318000 	/usr/lib/system/libsystem_network.dylib
0x0000000000318000 	/usr/lib/system/libsystem_networkextension.dylib
0x0000000000318000 	/usr/lib/system/libsystem_notify.dylib
0x0000000000318000 	/usr/lib/system/libsystem_platform.dylib
0x0000000000318000 	/usr/lib/system/libsystem_pthread.dylib
0x0000000000318000 	/usr/lib/system/libsystem_sandbox.dylib
0x0000000000318000 	/usr/lib/system/libsystem_secinit.dylib
0x0000000000318000 	/usr/lib/system/libsystem_stats.dylib
0x0000000000318000 	/usr/lib/system/libsystem_trace.dylib
0x0000000000318000 	/usr/lib/system/libunc.dylib
0x0000000000318000 	/usr/lib/system/libunwind.dylib
0x0000000000318000 	/usr/lib/system/libxpc.dylib
0x0000000000318000 	/usr/lib/libbz2.1.0.dylib
0x0000000000318000 	/usr/lib/liblzma.5.dylib
0x0000000000318000 	/usr/lib/libbsm.0.dylib
0x0000000000318000 	/usr/lib/libsqlite3.dylib
0x0000000000318000 	/usr/lib/system/libkxld.dylib
0x0000000000318000 	/usr/lib/libxar.1.dylib
0x0000000000318000 	/usr/lib/libpam.2.dylib
0x0000000000318000 	/usr/lib/libOpenScriptingUtil.dylib
0x0000000000318000 	/System/Library/Frameworks/CoreServices.framework/Versions/A/Frameworks/FSEvents.framework/Versions/A/FSEvents
0x0000000000318000 	/System/Library/Frameworks/CoreServices.framework/Versions/A/Frameworks/CarbonCore.framework/Versions/A/CarbonCore
0x0000000000318000 	/System/Library/Frameworks/CoreServices.framework/Versions/A/Frameworks/Metadata.framework/Versions/A/Metadata
0x0000000000318000 	/System/Library/Frameworks/CoreServices.framework/Versions/A/Frameworks/OSServices.framework/Versions/A/OSServices
0x0000000000318000 	/System/Library/Frameworks/CoreServices.framework/Versions/A/Frameworks/SearchKit.framework/Versions/A/SearchKit
0x0000000000318000 	/System/Library/Frameworks/CoreServices.framework/Versions/A/Frameworks/AE.framework/Versions/A/AE
0x0000000000318000 	/System/Library/Frameworks/CoreServices.framework/Versions/A/Frameworks/LaunchServices.framework/Versions/A/LaunchServices
0x0000000000318000 	/System/Library/Frameworks/CoreServices.framework/Versions/A/Frameworks/DictionaryServices.framework/Versions/A/DictionaryServices
0x0000000000318000 	/System/Library/Frameworks/NetFS.framework/Versions/A/NetFS
0x0000000000318000 	/System/Library/PrivateFrameworks/NetAuth.framework/Versions/A/NetAuth
0x0000000000318000 	/System/Library/PrivateFrameworks/login.framework/Versions/A/Frameworks/loginsupport.framework/Versions/A/loginsupport
0x0000000000318000 	/System/Library/PrivateFrameworks/TCC.framework/Versions/A/TCC
0x0000000000318000 	/usr/lib/libmecabra.dylib
0x0000000000318000 	/System/Library/Frameworks/ApplicationServices.framework/Versions/A/Frameworks/ATS.framework/Versions/A/ATS
0x0000000000318000 	/System/Library/Frameworks/ApplicationServices.framework/Versions/A/Frameworks/ColorSync.framework/Versions/A/ColorSync
0x0000000000318000 	/System/Library/Frameworks/ApplicationServices.framework/Versions/A/Frameworks/HIServices.framework/Versions/A/HIServices
0x0000000000318000 	/System/Library/Frameworks/ApplicationServices.framework/Versions/A/Frameworks/LangAnalysis.framework/Versions/A/LangAnalysis
0x0000000000318000 	/System/Library/Frameworks/ApplicationServices.framework/Versions/A/Frameworks/PrintCore.framework/Versions/A/PrintCore
0x0000000000318000 	/System/Library/Frameworks/ApplicationServices.framework/Versions/A/Frameworks/QD.framework/Versions/A/QD
0x0000000000318000 	/System/Library/Frameworks/ApplicationServices.framework/Versions/A/Frameworks/SpeechSynthesis.framework/Versions/A/SpeechSynthesis
0x0000000000318000 	/System/Library/Frameworks/Accelerate.framework/Versions/A/Accelerate
0x0000000000318000 	/System/Library/Frameworks/Accelerate.framework/Versions/A/Frameworks/vImage.framework/Versions/A/vImage
0x0000000000318000 	/System/Library/Frameworks/Accelerate.framework/Versions/A/Frameworks/vecLib.framework/Versions/A/vecLib
0x0000000000318000 	/System/Library/Frameworks/Accelerate.framework/Versions/A/Frameworks/vecLib.framework/Versions/A/libvDSP.dylib
0x0000000000318000 	/System/Library/Frameworks/Accelerate.framework/Versions/A/Frameworks/vecLib.framework/Versions/A/libvMisc.dylib
0x0000000000318000 	/System/Library/Frameworks/Accelerate.framework/Versions/A/Frameworks/vecLib.framework/Versions/A/libLAPACK.dylib
0x0000000000318000 	/System/Library/Frameworks/Accelerate.framework/Versions/A/Frameworks/vecLib.framework/Versions/A/libBLAS.dylib
0x0000000000318000 	/System/Library/Frameworks/Accelerate.framework/Versions/A/Frameworks/vecLib.framework/Versions/A/libLinearAlgebra.dylib
0x0000000000318000 	/System/Library/Frameworks/ApplicationServices.framework/Versions/A/Frameworks/ATS.framework/Versions/A/Resources/libFontParser.dylib
0x0000000000318000 	/System/Library/Frameworks/ApplicationServices.framework/Versions/A/Frameworks/ATS.framework/Versions/A/Resources/libFontRegistry.dylib
0x0000000000318000 	/System/Library/PrivateFrameworks/AppleVPA.framework/Versions/A/AppleVPA
0x0000000000318000 	/System/Library/PrivateFrameworks/AppleJPEG.framework/Versions/A/AppleJPEG
0x0000000000318000 	/System/Library/Frameworks/ImageIO.framework/Versions/A/Resources/libJPEG.dylib
0x0000000000318000 	/System/Library/Frameworks/ImageIO.framework/Versions/A/Resources/libTIFF.dylib
0x0000000000318000 	/System/Library/Frameworks/ImageIO.framework/Versions/A/Resources/libPng.dylib
0x0000000000318000 	/System/Library/Frameworks/ImageIO.framework/Versions/A/Resources/libGIF.dylib
0x0000000000318000 	/System/Library/Frameworks/ImageIO.framework/Versions/A/Resources/libJP2.dylib
0x0000000000318000 	/System/Library/Frameworks/ImageIO.framework/Versions/A/Resources/libRadiance.dylib
0x0000000000318000 	/System/Library/Frameworks/CoreVideo.framework/Versions/A/CoreVideo
0x0000000000318000 	/System/Library/Frameworks/OpenGL.framework/Versions/A/Libraries/libGLU.dylib
0x0000000000318000 	/System/Library/Frameworks/OpenGL.framework/Versions/A/Libraries/libGFXShared.dylib
0x0000000000318000 	/System/Library/Frameworks/OpenGL.framework/Versions/A/Libraries/libGL.dylib
0x0000000000318000 	/System/Library/Frameworks/OpenGL.framework/Versions/A/Libraries/libGLImage.dylib
0x0000000000318000 	/System/Library/Frameworks/OpenGL.framework/Versions/A/Libraries/libCVMSPluginSupport.dylib
0x0000000000318000 	/System/Library/Frameworks/OpenGL.framework/Versions/A/Libraries/libCoreVMClient.dylib
0x0000000000318000 	/usr/lib/libcups.2.dylib
0x0000000000318000 	/System/Library/Frameworks/Kerberos.framework/Versions/A/Kerberos
0x0000000000318000 	/System/Library/Frameworks/GSS.framework/Versions/A/GSS
0x0000000000318000 	/usr/lib/libresolv.9.dylib
0x0000000000318000 	/usr/lib/libiconv.2.dylib
0x0000000000318000 	/System/Library/PrivateFrameworks/Heimdal.framework/Versions/A/Heimdal
0x0000000000318000 	/usr/lib/libheimdal-asn1.dylib
0x0000000000318000 	/System/Library/Frameworks/OpenDirectory.framework/Versions/A/OpenDirectory
0x0000000000318000 	/System/Library/PrivateFrameworks/CommonAuth.framework/Versions/A/CommonAuth
0x0000000000318000 	/System/Library/Frameworks/OpenDirectory.framework/Versions/A/Frameworks/CFOpenDirectory.framework/Versions/A/CFOpenDirectory
0x0000000000318000 	/System/Library/Frameworks/SecurityFoundation.framework/Versions/A/SecurityFoundation
0x0000000000318000 	/System/Library/PrivateFrameworks/LanguageModeling.framework/Versions/A/LanguageModeling
0x0000000000318000 	/usr/lib/libcmph.dylib
0x0000000000318000 	/System/Library/Frameworks/ServiceManagement.framework/Versions/A/ServiceManagement
0x0000000000318000 	/usr/lib/libxslt.1.dylib
0x0000000000318000 	/System/Library/Frameworks/Carbon.framework/Versions/A/Frameworks/Ink.framework/Versions/A/Ink
0x0000000000318000 	/System/Library/Frameworks/QuartzCore.framework/Versions/A/Frameworks/CoreImage.framework/Versions/A/CoreImage
0x0000000000318000 	/System/Library/PrivateFrameworks/CrashReporterSupport.framework/Versions/A/CrashReporterSupport
0x0000000000318000 	/System/Library/Frameworks/OpenCL.framework/Versions/A/OpenCL
0x0000000000318000 	/System/Library/PrivateFrameworks/FaceCore.framework/Versions/A/FaceCore
0x0000000000318000 	/System/Library/PrivateFrameworks/Ubiquity.framework/Versions/A/Ubiquity
0x0000000000318000 	/System/Library/PrivateFrameworks/IconServices.framework/Versions/A/IconServices
0x0000000000318000 	/System/Library/PrivateFrameworks/ChunkingLibrary.framework/Versions/A/ChunkingLibrary
0x0000000000318000 	/System/Library/PrivateFrameworks/Apple80211.framework/Versions/A/Apple80211
0x0000000000318000 	/System/Library/Frameworks/CoreWLAN.framework/Versions/A/CoreWLAN
0x0000000000318000 	/System/Library/Frameworks/IOBluetooth.framework/Versions/A/IOBluetooth
0x0000000000318000 	/System/Library/PrivateFrameworks/CoreWiFi.framework/Versions/A/CoreWiFi
0x0000000000318000 	/System/Library/Frameworks/CoreBluetooth.framework/Versions/A/CoreBluetooth
0x0000000000318000 	/System/Library/PrivateFrameworks/DebugSymbols.framework/Versions/A/DebugSymbols
0x0000000000318000 	/System/Library/PrivateFrameworks/CoreSymbolication.framework/Versions/A/CoreSymbolication
0x0000000000318000 	/System/Library/PrivateFrameworks/Symbolication.framework/Versions/A/Symbolication
0x0000000000318000 	/System/Library/PrivateFrameworks/SpeechRecognitionCore.framework/Versions/A/SpeechRecognitionCore
0x000000010a600000 	/Library/Java/JavaVirtualMachines/jdk1.8.0_20.jdk/Contents/Home/jre/lib/server/libjvm.dylib
0x0000000000318000 	/usr/lib/libstdc++.6.dylib
0x000000010b61e000 	/Library/Java/JavaVirtualMachines/jdk1.8.0_20.jdk/Contents/Home/jre/lib/libverify.dylib
0x000000010b62c000 	/Library/Java/JavaVirtualMachines/jdk1.8.0_20.jdk/Contents/Home/jre/lib/libjava.dylib
0x000000010b660000 	/Library/Java/JavaVirtualMachines/jdk1.8.0_20.jdk/Contents/Home/jre/lib/libzip.dylib
0x000000011f174000 	/System/Library/Frameworks/JavaVM.framework/Frameworks/JavaRuntimeSupport.framework/JavaRuntimeSupport
0x000000011f18a000 	/System/Library/Frameworks/JavaVM.framework/Versions/A/Frameworks/JavaNativeFoundation.framework/Versions/A/JavaNativeFoundation
0x000000011f19e000 	/System/Library/Frameworks/JavaVM.framework/Versions/A/JavaVM
0x0000000000318000 	/System/Library/Frameworks/Carbon.framework/Versions/A/Carbon
0x000000011f1aa000 	/System/Library/PrivateFrameworks/JavaLaunching.framework/Versions/A/JavaLaunching
0x0000000000318000 	/System/Library/Frameworks/Carbon.framework/Versions/A/Frameworks/CommonPanels.framework/Versions/A/CommonPanels
0x0000000000318000 	/System/Library/Frameworks/Carbon.framework/Versions/A/Frameworks/Help.framework/Versions/A/Help
0x0000000000318000 	/System/Library/Frameworks/Carbon.framework/Versions/A/Frameworks/ImageCapture.framework/Versions/A/ImageCapture
0x0000000000318000 	/System/Library/Frameworks/Carbon.framework/Versions/A/Frameworks/OpenScripting.framework/Versions/A/OpenScripting
0x0000000000318000 	/System/Library/Frameworks/Carbon.framework/Versions/A/Frameworks/Print.framework/Versions/A/Print
0x0000000000318000 	/System/Library/Frameworks/Carbon.framework/Versions/A/Frameworks/SecurityHI.framework/Versions/A/SecurityHI
0x0000000121234000 	/Library/Java/JavaVirtualMachines/jdk1.8.0_20.jdk/Contents/Home/jre/lib/libprism_es2.dylib
0x0000000000318000 	/System/Library/Frameworks/OpenGL.framework/Versions/A/Resources/GLEngine.bundle/GLEngine
0x0000000000318000 	/System/Library/Frameworks/OpenGL.framework/Versions/A/Libraries/libGLProgrammability.dylib
0x00000001212b5000 	/System/Library/Extensions/AppleIntelHD4000GraphicsGLDriver.bundle/Contents/MacOS/AppleIntelHD4000GraphicsGLDriver
0x0000000000318000 	/System/Library/PrivateFrameworks/IOAccelerator.framework/Versions/A/IOAccelerator
0x0000000000318000 	/System/Library/PrivateFrameworks/GPUSupport.framework/Versions/A/Libraries/libGPUSupportMercury.dylib
0x0000000000318000 	/System/Library/Frameworks/OpenGL.framework/Versions/A/Resources/GLRendererFloat.bundle/GLRendererFloat
0x0000000000318000 	/System/Library/Frameworks/OpenCL.framework/Versions/A/Libraries/libcldcpuengine.dylib
0x0000000000318000 	/System/Library/PrivateFrameworks/DiskImages.framework/Versions/A/DiskImages
0x0000000000318000 	/System/Library/Frameworks/DiscRecording.framework/Versions/A/DiscRecording
0x0000000000318000 	/usr/lib/libcsfde.dylib
0x0000000000318000 	/usr/lib/libcurl.4.dylib
0x0000000000318000 	/System/Library/PrivateFrameworks/MediaKit.framework/Versions/A/MediaKit
0x0000000000318000 	/System/Library/PrivateFrameworks/ProtectedCloudStorage.framework/Versions/A/ProtectedCloudStorage
0x0000000000318000 	/usr/lib/libCoreStorage.dylib
0x0000000000318000 	/System/Library/PrivateFrameworks/EFILogin.framework/Versions/A/EFILogin
0x0000000000318000 	/usr/lib/libutil.dylib
0x0000000000318000 	/System/Library/PrivateFrameworks/FindMyDevice.framework/Versions/A/FindMyDevice
0x0000000000318000 	/System/Library/Frameworks/LDAP.framework/Versions/A/LDAP
0x0000000000318000 	/usr/lib/libsasl2.2.dylib
0x0000000000318000 	/System/Library/PrivateFrameworks/CoreDaemon.framework/Versions/B/CoreDaemon
0x0000000000318000 	/usr/lib/libcrypto.0.9.8.dylib
0x0000000000318000 	/System/Library/PrivateFrameworks/AppleSRP.framework/Versions/A/AppleSRP
0x0000000000318000 	/System/Library/PrivateFrameworks/TrustEvaluationAgent.framework/Versions/A/TrustEvaluationAgent
0x0000000121d43000 	/Library/Java/JavaVirtualMachines/jdk1.8.0_20.jdk/Contents/Home/jre/lib/libglass.dylib
0x0000000000318000 	/System/Library/PrivateFrameworks/CoreServicesInternal.framework/Versions/A/CoreServicesInternal
0x0000000000318000 	/System/Library/PrivateFrameworks/CloudDocs.framework/Versions/A/CloudDocs
0x0000000000318000 	/System/Library/PrivateFrameworks/CoreDuet.framework/Versions/A/CoreDuet
0x0000000000318000 	/System/Library/Frameworks/CloudKit.framework/Versions/A/CloudKit
0x0000000000318000 	/System/Library/PrivateFrameworks/ProtocolBuffer.framework/Versions/A/ProtocolBuffer
0x0000000000318000 	/System/Library/PrivateFrameworks/CoreDuetDaemonProtocol.framework/Versions/A/CoreDuetDaemonProtocol
0x0000000000318000 	/System/Library/PrivateFrameworks/CoreDuetDebugLogging.framework/Versions/A/CoreDuetDebugLogging
0x0000000000318000 	/System/Library/PrivateFrameworks/MMCS.framework/Versions/A/MMCS
0x0000000000318000 	/System/Library/Frameworks/CoreLocation.framework/Versions/A/CoreLocation
0x0000000000318000 	/System/Library/PrivateFrameworks/GeoServices.framework/Versions/A/GeoServices
0x0000000000318000 	/System/Library/Frameworks/CoreGraphics.framework/Versions/A/Resources/libCGCMS.A.dylib
0x0000000000318000 	/System/Library/CoreServices/RawCamera.bundle/Contents/MacOS/RawCamera
0x0000000000318000 	/System/Library/Frameworks/CoreGraphics.framework/Versions/A/Resources/libRIP.A.dylib
0x0000000000318000 	/System/Library/PrivateFrameworks/FamilyControls.framework/Versions/A/FamilyControls
0x0000000000318000 	/System/Library/PrivateFrameworks/CommerceKit.framework/Versions/A/Frameworks/CommerceCore.framework/Versions/A/CommerceCore
0x0000000000318000 	/System/Library/PrivateFrameworks/SystemAdministration.framework/Versions/A/SystemAdministration
0x0000000000318000 	/System/Library/PrivateFrameworks/AppContainer.framework/Versions/A/AppContainer
0x0000000000318000 	/System/Library/PrivateFrameworks/SecCodeWrapper.framework/Versions/A/SecCodeWrapper
0x0000000000318000 	/System/Library/Frameworks/DirectoryService.framework/Versions/A/DirectoryService
0x0000000000318000 	/System/Library/PrivateFrameworks/LoginUIKit.framework/Versions/A/Frameworks/LoginUICore.framework/Versions/A/LoginUICore
0x0000000000318000 	/usr/lib/libodfde.dylib
0x0000000000318000 	/System/Library/Frameworks/CoreGraphics.framework/Versions/A/Resources/libCGXType.A.dylib
0x0000000126748000 	cl_kernels
0x000000012674a000 	/System/Library/Frameworks/OpenCL.framework/Versions/A/Libraries/ImageFormats/unorm8_bgra.dylib
0x0000000126739000 	cl_kernels
0x0000000126911000 	/Library/Java/JavaVirtualMachines/jdk1.8.0_20.jdk/Contents/Home/jre/lib/libjavafx_font.dylib
0x0000000126f19000 	/Library/Java/JavaVirtualMachines/jdk1.8.0_20.jdk/Contents/Home/jre/lib/libjavafx_iio.dylib

VM Arguments:
java_command: BlackjackDemo
java_class_path (initial): :.:::/Applications/jGRASP.app/Contents/Resources/jgrasp/extensions/classes
Launcher Type: SUN_STANDARD

Environment Variables:
CLASSPATH=:.:::/Applications/jGRASP.app/Contents/Resources/jgrasp/extensions/classes
PATH=:/Library/Java/JavaVirtualMachines/jdk1.8.0_20.jdk/Contents/Home/bin:/usr/bin:/bin:/usr/sbin:/sbin
SHELL=/bin/bash

Signal Handlers:
SIGSEGV: [libjvm.dylib+0x578fd7], sa_mask[0]=11111111011111110111111111111111, sa_flags=SA_ONSTACK|SA_RESTART|SA_SIGINFO
SIGBUS: [libjvm.dylib+0x578fd7], sa_mask[0]=11111111011111110111111111111111, sa_flags=SA_RESTART|SA_SIGINFO
SIGFPE: [libjvm.dylib+0x45ab0c], sa_mask[0]=11111111011111110111111111111111, sa_flags=SA_RESTART|SA_SIGINFO
SIGPIPE: [libjvm.dylib+0x45ab0c], sa_mask[0]=11111111011111110111111111111111, sa_flags=SA_RESTART|SA_SIGINFO
SIGXFSZ: [libjvm.dylib+0x45ab0c], sa_mask[0]=11111111011111110111111111111111, sa_flags=SA_RESTART|SA_SIGINFO
SIGILL: [libjvm.dylib+0x45ab0c], sa_mask[0]=11111111011111110111111111111111, sa_flags=SA_RESTART|SA_SIGINFO
SIGUSR1: SIG_DFL, sa_mask[0]=00000000000000000000000000000000, sa_flags=none
SIGUSR2: [libjvm.dylib+0x45a62a], sa_mask[0]=00100000000000000000000000000000, sa_flags=SA_RESTART|SA_SIGINFO
SIGHUP: [libjvm.dylib+0x458bfd], sa_mask[0]=11111111011111110111111111111111, sa_flags=SA_RESTART|SA_SIGINFO
SIGINT: [libjvm.dylib+0x458bfd], sa_mask[0]=11111111011111110111111111111111, sa_flags=SA_RESTART|SA_SIGINFO
SIGTERM: [libjvm.dylib+0x458bfd], sa_mask[0]=11111111011111110111111111111111, sa_flags=SA_RESTART|SA_SIGINFO
SIGQUIT: [libjvm.dylib+0x458bfd], sa_mask[0]=11111111011111110111111111111111, sa_flags=SA_RESTART|SA_SIGINFO


---------------  S Y S T E M  ---------------

OS:Bsduname:Darwin 14.5.0 Darwin Kernel Version 14.5.0: Tue Sep  1 21:23:09 PDT 2015; root:xnu-2782.50.1~1/RELEASE_X86_64 x86_64
rlimit: STACK 8192k, CORE 0k, NPROC 709, NOFILE 10240, AS infinity
load average:2.21 2.09 1.81

CPU:total 4 (2 cores per cpu, 2 threads per core) family 6 model 58 stepping 9, cmov, cx8, fxsr, mmx, sse, sse2, sse3, ssse3, sse4.1, sse4.2, popcnt, avx, aes, clmul, erms, ht, tsc, tscinvbit, tscinv

Memory: 4k page, physical 4194304k(39308k free)

/proc/meminfo:


vm_info: Java HotSpot(TM) 64-Bit Server VM (25.20-b23) for bsd-amd64 JRE (1.8.0_20-b26), built on Jul 30 2014 13:37:47 by "java_re" with gcc 4.2.1 (Based on Apple Inc. build 5658) (LLVM build 2336.9.00)

time: Wed Apr 19 13:52:57 2017
elapsed time: 23 seconds (0d 0h 0m 23s)

